1000 0.000477 500499.000000 500499 500499
2000 0.001816 2000999.000000 2000999 2000999
3000 0.004158 4501499.000000 4501499 4501499
4000 0.007226 8001999.000000 8001999 8001999
5000 0.011188 12502499.000000 12502499 12502499
6000 0.015708 18002999.000000 18002999 18002999
7000 0.021304 24503499.000000 24503499 24503499
8000 0.027769 32003999.000000 32003999 32003999
9000 0.035068 40504499.000000 40504499 40504499
10000 0.043236 50004999.000000 50004999 50004999
---------------------------------------------------------
1000 0.000462 500500.000000 500500 500500
2000 0.001779 2001000.000000 2001000 2001000
3000 0.003958 4501500.000000 4501500 4501500
4000 0.006976 8002000.000000 8002000 8002000
5000 0.010845 12502500.000000 12502500 12502500
6000 0.015569 18003000.000000 18003000 18003000
7000 0.021148 24503500.000000 24503500 24503500
8000 0.027586 32004000.000000 32004000 32004000
9000 0.034870 40504500.000000 40504500 40504500
10000 0.043033 50005000.000000 50005000 50005000
